<?xml version="1.0" encoding="UTF-8"?>
<!-- Generated by org.testng.reporters.JUnitReportReporter -->
<testsuite hostname="DO-Tosh" name="com.automationpractice.demos.ParallelSet3" tests="3" failures="0" timestamp="4 Oct 2019 02:10:51 GMT" time="25.658" errors="0">
  <testcase name="testOne" time="1.371" classname="com.automationpractice.demos.ParallelSet3"/>
  <testcase name="testTwo" time="18.053" classname="com.automationpractice.demos.ParallelSet3"/>
  <testcase name="testThree" time="6.234" classname="com.automationpractice.demos.ParallelSet3"/>
</testsuite> <!-- com.automationpractice.demos.ParallelSet3 -->
