<?xml version="1.0" encoding="UTF-8"?>
<!-- Generated by org.testng.reporters.JUnitReportReporter -->
<testsuite hostname="DO-Tosh" name="com.herokuapp.testleaf.Frame_09_28_2019" tests="1" failures="0" timestamp="28 Sep 2019 18:32:54 GMT" time="1.252" errors="0">
  <testcase name="frame1" time="1.252" classname="com.herokuapp.testleaf.Frame_09_28_2019"/>
</testsuite> <!-- com.herokuapp.testleaf.Frame_09_28_2019 -->
