<?xml version="1.0" encoding="UTF-8"?>
<!-- Generated by org.testng.reporters.JUnitReportReporter -->
<testsuite hostname="DO-Tosh" name="com.herokuapp.testleaf.RadioButton_09_28_2019" tests="1" failures="0" timestamp="28 Sep 2019 15:36:03 GMT" time="1.368" errors="0">
  <testcase name="test1" time="1.368" classname="com.herokuapp.testleaf.RadioButton_09_28_2019"/>
</testsuite> <!-- com.herokuapp.testleaf.RadioButton_09_28_2019 -->
