<?xml version="1.0" encoding="UTF-8"?>
<!-- Generated by org.testng.reporters.JUnitReportReporter -->
<testsuite hostname="DO-Tosh" name="com.automationpractice.login.LoginTests" tests="3" failures="0" timestamp="8 Oct 2019 23:29:13 GMT" time="13.495" errors="0">
  <testcase name="Login_with_invalid_userid" time="5.584" classname="com.automationpractice.login.LoginTests"/>
  <testcase name="Login_with_valid_userid_and_password" time="4.827" classname="com.automationpractice.login.LoginTests"/>
  <testcase name="Login_with_valid_userid_but_invalid_password" time="3.084" classname="com.automationpractice.login.LoginTests"/>
</testsuite> <!-- com.automationpractice.login.LoginTests -->
