<?xml version="1.0" encoding="UTF-8"?>
<!-- Generated by org.testng.reporters.JUnitReportReporter -->
<testsuite hostname="DO-Tosh" name="com.herokuapp.the_internet.FileDownload_10_05_2019" tests="1" failures="0" timestamp="5 Oct 2019 18:45:10 GMT" time="2.688" errors="0">
  <testcase name="fileDownloadTest1" time="2.688" classname="com.herokuapp.the_internet.FileDownload_10_05_2019"/>
</testsuite> <!-- com.herokuapp.the_internet.FileDownload_10_05_2019 -->
