<?xml version="1.0" encoding="UTF-8"?>
<!-- Generated by org.testng.reporters.JUnitReportReporter -->
<testsuite hostname="DO-Tosh" name="com.herokuapp.testleaf.Window_10_06_2019" tests="4" failures="0" timestamp="6 Oct 2019 16:19:47 GMT" time="21.767" errors="0">
  <testcase name="windowTest3" time="6.604" classname="com.herokuapp.testleaf.Window_10_06_2019"/>
  <testcase name="windowTest2" time="0.217" classname="com.herokuapp.testleaf.Window_10_06_2019"/>
  <testcase name="windowTest1" time="2.082" classname="com.herokuapp.testleaf.Window_10_06_2019"/>
  <testcase name="windowTest4" time="12.864" classname="com.herokuapp.testleaf.Window_10_06_2019"/>
</testsuite> <!-- com.herokuapp.testleaf.Window_10_06_2019 -->
