<?xml version="1.0" encoding="UTF-8"?>
<!-- Generated by org.testng.reporters.JUnitReportReporter -->
<testsuite hostname="DO-Tosh" name="com.automationpractice.login.LoginTestWithReporting" tests="1" failures="0" timestamp="9 Oct 2019 01:49:16 GMT" time="3.800" errors="0">
  <testcase name="loginWithValidUserIdAndPassword" time="3.800" classname="com.automationpractice.login.LoginTestWithReporting"/>
</testsuite> <!-- com.automationpractice.login.LoginTestWithReporting -->
