<?xml version="1.0" encoding="UTF-8"?>
<!-- Generated by org.testng.reporters.JUnitReportReporter -->
<testsuite hostname="DO-Tosh" name="com.automationpractice.user_registration.UserRegistration_10_05_2020" tests="1" failures="0" timestamp="5 Oct 2019 18:56:34 GMT" time="4.702" errors="0">
  <testcase name="userRegistration" time="4.702" classname="com.automationpractice.user_registration.UserRegistration_10_05_2020"/>
</testsuite> <!-- com.automationpractice.user_registration.UserRegistration_10_05_2020 -->
