<?xml version="1.0" encoding="UTF-8"?>
<!-- Generated by org.testng.reporters.JUnitReportReporter -->
<testsuite hostname="DO-Tosh" name="com.automationpractice.demos.WebDriverSwitchDemo" tests="3" failures="0" timestamp="27 Sep 2019 02:50:03 GMT" time="2.556" errors="0">
  <testcase name="demoIFrame" time="0.310" classname="com.automationpractice.demos.WebDriverSwitchDemo"/>
  <testcase name="demoAlert" time="0.729" classname="com.automationpractice.demos.WebDriverSwitchDemo"/>
  <testcase name="switchToWindow" time="1.517" classname="com.automationpractice.demos.WebDriverSwitchDemo"/>
</testsuite> <!-- com.automationpractice.demos.WebDriverSwitchDemo -->
