<?xml version="1.0" encoding="UTF-8"?>
<!-- Generated by org.testng.reporters.JUnitReportReporter -->
<testsuite hostname="DO-Tosh" name="com.automationpractice.demos.ParallelSet1" tests="3" failures="0" timestamp="4 Oct 2019 02:10:51 GMT" time="50.188" errors="0">
  <testcase name="testThree" time="7.006" classname="com.automationpractice.demos.ParallelSet1"/>
  <testcase name="testOne" time="30.121" classname="com.automationpractice.demos.ParallelSet1"/>
  <testcase name="testTwo" time="13.061" classname="com.automationpractice.demos.ParallelSet1"/>
</testsuite> <!-- com.automationpractice.demos.ParallelSet1 -->
