<?xml version="1.0" encoding="UTF-8"?>
<!-- Generated by org.testng.reporters.JUnitReportReporter -->
<testsuite hostname="DO-Tosh" name="com.automationpractice.demos.AssertDemo" tests="1" failures="0" timestamp="2 Oct 2019 00:39:42 GMT" time="0.007" errors="0">
  <testcase name="testOne" time="0.007" classname="com.automationpractice.demos.AssertDemo"/>
</testsuite> <!-- com.automationpractice.demos.AssertDemo -->
