<?xml version="1.0" encoding="UTF-8"?>
<!-- Generated by org.testng.reporters.JUnitReportReporter -->
<testsuite hostname="DO-Tosh" name="com.automationpractice.login.LoginTests" tests="3" failures="0" timestamp="4 Oct 2019 00:40:10 GMT" time="47.674" errors="0">
  <testcase name="Login_with_invalid_userid" time="14.729" classname="com.automationpractice.login.LoginTests"/>
  <testcase name="Login_with_valid_userid_but_invalid_password" time="12.723" classname="com.automationpractice.login.LoginTests"/>
  <testcase name="Login_with_valid_userid_and_password" time="20.222" classname="com.automationpractice.login.LoginTests"/>
</testsuite> <!-- com.automationpractice.login.LoginTests -->
