<?xml version="1.0" encoding="UTF-8"?>
<!-- Generated by org.testng.reporters.JUnitReportReporter -->
<testsuite hostname="DO-Tosh" name="com.automationpractice.demos.TestNGGroups" tests="2" failures="0" timestamp="2 Oct 2019 01:59:42 GMT" time="0.016" errors="0">
  <testcase name="testTwo" time="0.001" classname="com.automationpractice.demos.TestNGGroups"/>
  <testcase name="testOne" time="0.015" classname="com.automationpractice.demos.TestNGGroups"/>
</testsuite> <!-- com.automationpractice.demos.TestNGGroups -->
