<?xml version="1.0" encoding="UTF-8"?>
<!-- Generated by org.testng.reporters.JUnitReportReporter -->
<testsuite hostname="DO-Tosh" name="com.herokuapp.testleaf.Alert_09_28_2019" tests="3" failures="0" timestamp="28 Sep 2019 17:29:34 GMT" time="1.319" errors="0">
  <testcase name="alert1" time="0.723" classname="com.herokuapp.testleaf.Alert_09_28_2019"/>
  <testcase name="alert2" time="0.366" classname="com.herokuapp.testleaf.Alert_09_28_2019"/>
  <testcase name="alert3" time="0.230" classname="com.herokuapp.testleaf.Alert_09_28_2019"/>
</testsuite> <!-- com.herokuapp.testleaf.Alert_09_28_2019 -->
