<?xml version="1.0" encoding="UTF-8"?>
<!-- Generated by org.testng.reporters.JUnitReportReporter -->
<testsuite hostname="DO-Tosh" name="com.automationpractice.demos.ParallelSet2" tests="3" failures="0" timestamp="4 Oct 2019 02:10:51 GMT" time="35.200" errors="0">
  <testcase name="testThree" time="6.533" classname="com.automationpractice.demos.ParallelSet2"/>
  <testcase name="testOne" time="23.480" classname="com.automationpractice.demos.ParallelSet2"/>
  <testcase name="testTwo" time="5.187" classname="com.automationpractice.demos.ParallelSet2"/>
</testsuite> <!-- com.automationpractice.demos.ParallelSet2 -->
