<?xml version="1.0" encoding="UTF-8"?>
<!-- Generated by org.testng.reporters.JUnitReportReporter -->
<testsuite hostname="DO-Tosh" name="com.automationpractice.user_registration.UserRegistration_09_28_2019" tests="1" failures="0" timestamp="2 Oct 2019 01:00:30 GMT" time="19.349" errors="0">
  <testcase name="userRegistration" time="19.349" classname="com.automationpractice.user_registration.UserRegistration_09_28_2019"/>
</testsuite> <!-- com.automationpractice.user_registration.UserRegistration_09_28_2019 -->
