<?xml version="1.0" encoding="UTF-8"?>
<!-- Generated by org.testng.reporters.JUnitReportReporter -->
<testsuite hostname="DO-Tosh" name="com.automationpractice.demos.TestNGParameterDemo" tests="1" failures="0" timestamp="4 Oct 2019 01:09:26 GMT" time="7.337" errors="0">
  <testcase name="Login_with_valid_userid_and_password" time="7.337" classname="com.automationpractice.demos.TestNGParameterDemo"/>
</testsuite> <!-- com.automationpractice.demos.TestNGParameterDemo -->
