<?xml version="1.0" encoding="UTF-8"?>
<!-- Generated by org.testng.reporters.JUnitReportReporter -->
<testsuite hostname="DO-Tosh" name="com.herokuapp.testleaf.Table_10_06_2019" tests="1" failures="0" timestamp="8 Oct 2019 04:34:58 GMT" time="1.495" errors="0">
  <testcase name="tableTest4" time="1.495" classname="com.herokuapp.testleaf.Table_10_06_2019"/>
</testsuite> <!-- com.herokuapp.testleaf.Table_10_06_2019 -->
