<?xml version="1.0" encoding="UTF-8"?>
<!-- Generated by org.testng.reporters.JUnitReportReporter -->
<testsuite hostname="DO-Tosh" name="com.automationpractice.demos.TestNGAnnotationsDemo" tests="2" failures="0" timestamp="2 Oct 2019 01:20:26 GMT" time="0.007" errors="0">
  <testcase name="testOne" time="0.006" classname="com.automationpractice.demos.TestNGAnnotationsDemo"/>
  <testcase name="testTwo" time="0.001" classname="com.automationpractice.demos.TestNGAnnotationsDemo"/>
</testsuite> <!-- com.automationpractice.demos.TestNGAnnotationsDemo -->
