<?xml version="1.0" encoding="UTF-8"?>
<!-- Generated by org.testng.reporters.JUnitReportReporter -->
<testsuite hostname="DO-Tosh" name="com.automationpractice.user_registration.UserRegistration_09_28_2019" tests="1" failures="0" timestamp="29 Sep 2019 19:05:57 GMT" time="6.074" errors="0">
  <testcase name="userRegistration" time="6.074" classname="com.automationpractice.user_registration.UserRegistration_09_28_2019"/>
</testsuite> <!-- com.automationpractice.user_registration.UserRegistration_09_28_2019 -->
