<?xml version="1.0" encoding="UTF-8"?>
<!-- Generated by org.testng.reporters.JUnitReportReporter -->
<testsuite hostname="DO-Tosh" name="com.herokuapp.the_internet.FileUpload_09_29_2019" tests="1" failures="0" timestamp="29 Sep 2019 18:17:19 GMT" time="3.402" errors="0">
  <testcase name="fileUpload" time="3.402" classname="com.herokuapp.the_internet.FileUpload_09_29_2019"/>
</testsuite> <!-- com.herokuapp.the_internet.FileUpload_09_29_2019 -->
