<?xml version="1.0" encoding="UTF-8"?>
<!-- Generated by org.testng.reporters.JUnitReportReporter -->
<testsuite hostname="DO-Tosh" name="com.automationpractice.demos.AssertDemo" tests="1" failures="0" timestamp="27 Sep 2019 00:49:53 GMT" time="0.013" errors="0">
  <testcase name="testOne" time="0.013" classname="com.automationpractice.demos.AssertDemo"/>
</testsuite> <!-- com.automationpractice.demos.AssertDemo -->
