<?xml version="1.0" encoding="UTF-8"?>
<!-- Generated by org.testng.reporters.JUnitReportReporter -->
<testsuite hostname="DO-Tosh" name="com.automationpractice.user_registration.UserRegistration_10_09_2019" tests="1" failures="0" timestamp="10 Oct 2019 00:49:41 GMT" time="5.693" errors="0">
  <testcase name="userRegistration" time="5.693" classname="com.automationpractice.user_registration.UserRegistration_10_09_2019"/>
</testsuite> <!-- com.automationpractice.user_registration.UserRegistration_10_09_2019 -->
