<?xml version="1.0" encoding="UTF-8"?>
<!-- Generated by org.testng.reporters.JUnitReportReporter -->
<testsuite hostname="DO-Tosh" name="com.automationpractice.demos.TestNGDataProviderDemo" tests="3" failures="0" timestamp="4 Oct 2019 01:24:43 GMT" time="0.013" errors="0">
  <testcase name="calculateMorgageMonthlyPayment" time="0.002" classname="com.automationpractice.demos.TestNGDataProviderDemo"/>
  <testcase name="calculateMorgageMonthlyPayment" time="0.010" classname="com.automationpractice.demos.TestNGDataProviderDemo"/>
  <testcase name="calculateMorgageMonthlyPayment" time="0.001" classname="com.automationpractice.demos.TestNGDataProviderDemo"/>
</testsuite> <!-- com.automationpractice.demos.TestNGDataProviderDemo -->
