<?xml version="1.0" encoding="UTF-8"?>
<!-- Generated by org.testng.reporters.JUnitReportReporter -->
<testsuite hostname="DO-Tosh" name="com.automationpractice.demos.WebDriverSwitchDemo" tests="3" failures="0" timestamp="2 Oct 2019 00:39:42 GMT" time="17.606" errors="0">
  <testcase name="demoIFrame" time="5.409" classname="com.automationpractice.demos.WebDriverSwitchDemo"/>
  <testcase name="switchToWindow" time="6.614" classname="com.automationpractice.demos.WebDriverSwitchDemo"/>
  <testcase name="demoAlert" time="5.583" classname="com.automationpractice.demos.WebDriverSwitchDemo"/>
</testsuite> <!-- com.automationpractice.demos.WebDriverSwitchDemo -->
