<?xml version="1.0" encoding="UTF-8"?>
<!-- Generated by org.testng.reporters.JUnitReportReporter -->
<testsuite hostname="DO-Tosh" name="com.herokuapp.testleaf.Checkbox_10_05_2019" tests="1" failures="0" timestamp="5 Oct 2019 17:57:00 GMT" time="3.265" errors="0">
  <testcase name="checkbox3" time="3.265" classname="com.herokuapp.testleaf.Checkbox_10_05_2019"/>
</testsuite> <!-- com.herokuapp.testleaf.Checkbox_10_05_2019 -->
