<?xml version="1.0" encoding="UTF-8"?>
<!-- Generated by org.testng.reporters.JUnitReportReporter -->
<testsuite hostname="DO-Tosh" name="com.automationpractice.demos.WebDriverSwitchWindow" tests="1" failures="0" timestamp="4 Oct 2019 00:14:07 GMT" time="2.285" errors="0">
  <testcase name="switchWindowAndPerformActionInNewWindow" time="2.285" classname="com.automationpractice.demos.WebDriverSwitchWindow"/>
</testsuite> <!-- com.automationpractice.demos.WebDriverSwitchWindow -->
